<?xml version="1.0" encoding="UTF-8"?>
<!-- Generated by org.testng.reporters.JUnitReportReporter -->
<testsuite hostname="NAG1-LHP-N76161" failures="0" tests="1" name="com.automation.Test.LoginTest" time="10.610" errors="0" timestamp="2022-08-17T16:00:03 IST" skipped="0">
  <testcase classname="com.automation.Test.LoginTest" name="VerifysuccessfulLogin" time="10.610"/>
  <system-out/>
</testsuite> <!-- com.automation.Test.LoginTest -->
