<?xml version="1.0" encoding="UTF-8"?>
<!-- Generated by org.testng.reporters.JUnitReportReporter -->
<testsuite hostname="NAG1-LHP-N76161" failures="0" tests="1" name="com.automation.Test.UsermngtTest" time="21.068" errors="0" timestamp="2022-08-25T10:56:49 IST" skipped="0">
  <testcase classname="com.automation.Test.UsermngtTest" name="VerifyUsermngt" time="21.068"/>
  <system-out/>
</testsuite> <!-- com.automation.Test.UsermngtTest -->
